<?xml version="1.0" encoding="UTF-8"?>
<testsuite name="TestSuite" time="2.261" tests="1" errors="0" skipped="0" failures="0">
  <properties>
    <property name="java.runtime.name" value="Java(TM) SE Runtime Environment"/>
    <property name="sun.boot.library.path" value="C:\Program Files\Java\jdkupdate\bin"/>
    <property name="java.vm.version" value="25.171-b11"/>
    <property name="java.vm.vendor" value="Oracle Corporation"/>
    <property name="maven.multiModuleProjectDirectory" value="C:\Users\benny\eclipse-workspace\topq"/>
    <property name="java.vendor.url" value="http://java.oracle.com/"/>
    <property name="path.separator" value=";"/>
    <property name="guice.disable.misplaced.annotation.check" value="true"/>
    <property name="java.vm.name" value="Java HotSpot(TM) 64-Bit Server VM"/>
    <property name="file.encoding.pkg" value="sun.io"/>
    <property name="user.script" value=""/>
    <property name="user.country" value="US"/>
    <property name="sun.java.launcher" value="SUN_STANDARD"/>
    <property name="sun.os.patch.level" value=""/>
    <property name="java.vm.specification.name" value="Java Virtual Machine Specification"/>
    <property name="user.dir" value="C:\Users\benny\eclipse-workspace\topq"/>
    <property name="java.runtime.version" value="1.8.0_171-b11"/>
    <property name="java.awt.graphicsenv" value="sun.awt.Win32GraphicsEnvironment"/>
    <property name="java.endorsed.dirs" value="C:\Program Files\Java\jdkupdate\lib\endorsed"/>
    <property name="os.arch" value="amd64"/>
    <property name="java.io.tmpdir" value="C:\Users\benny\AppData\Local\Temp\"/>
    <property name="line.separator" value="&#10;"/>
    <property name="java.vm.specification.vendor" value="Oracle Corporation"/>
    <property name="user.variant" value=""/>
    <property name="os.name" value="Windows 10"/>
    <property name="classworlds.conf" value="C:\Users\benny\eclipse-workspace\.metadata\.plugins\org.eclipse.m2e.launching\launches\m2conf8654172056371990506.tmp"/>
    <property name="sun.jnu.encoding" value="Cp1252"/>
    <property name="java.library.path" value="C:\Program Files\Java\jdkupdate\bin;C:\WINDOWS\Sun\Java\bin;C:\WINDOWS\system32;C:\WINDOWS;C:/Program Files/Java/jdkupdate/bin/server;C:/Program Files/Java/jdkupdate/bin;C:/Program Files/Java/jdkupdate/lib/amd64;C:\Program Files (x86)\Common Files\Oracle\Java\javapath;C:\Program Files\Microsoft MPI\Bin\;C:\ProgramData\Oracle\Java\javapath;C:\openssl-0.9.8e_X64\bin;C:\Program Files\Java\jdk1.8.0_31\bin;C:\Ruby193\bin;C:\Users\benny\AppData\Roaming\npm;C:\Program Files\nodejs;C:\Program Files\MongoDB 2.6 Standard\bin;C:\ProgramData\chocolatey\bin;C:\wamp\bin\php\php5.5.12;C:\apacheant\bin;C:\aJavasdk\bin;C:\Windows\System32;C:\Windows;C:\Program Files\TortoiseGit\bin;C:\WINDOWS\system32;C:\WINDOWS;C:\WINDOWS\System32\Wbem;C:\WINDOWS\System32\WindowsPowerShell\v1.0\;C:\Users\benny\.dnx\bin;C:\Program Files\Microsoft DNX\Dnvm\;C:\Program Files\Microsoft SQL Server\130\Tools\Binn\;C:\Program Files (x86)\GtkSharp\2.12\bin;C:\Program Files (x86)\Heroku\bin;C:\Android;C:\Program Files\nodejs\;C:\WINDOWS\System32\OpenSSH\;C:\Program Files\Git\cmd;C:\Users\benny\AppData\Local\Android\sdk\tools\bin;C:\Users\benny\AppData\Local\Android\sdk\tools;C:\Users\benny\AppData\Local\Android\sdk\platform-tools;C:\Program Files\Java\jdk1.8.0_191\bin;C:\apache-maven-3.6.0\bin;;C:\Program Files (x86)\Microsoft VS Code\bin;C:\Users\benny\scoop\shims;C:\Users\benny\AppData\Local\Programs\Python\Python36\Scripts\;C:\Users\benny\AppData\Local\Programs\Python\Python36\;C:\Cocos\Cocos2d-x\Cocos2d-x-3.10\templates;C:\Cocos\Cocos2d-x\Cocos2d-x-3.10\tools\cocos2d-console\bin;C:\Ruby193\bin;C:\Program Files\nodejs;C:\Program Files\MongoDB 2.6 Standard\bin;C:\ProgramData\chocolatey\bin;C:\wamp\bin\php\php5.5.12;C:\Program Files (x86)\Git\bin;C:\apacheant\bin;C:\aJavasdk\bin;&quot;C:\Program Files\Java\jdk1.8.0_77\bin&quot;;C:\Program Files (x86)\Microsoft VS Code\bin;C:\Users\benny\AppData\Local\Microsoft\WindowsApps;C:\Users\benny\AppData\Roaming\npm;;C:\Program Files\Docker Toolbox;C:\Users\benny\AppData\Local\Programs\Fiddler;C:\Program Files\eclipse;;."/>
    <property name="java.specification.name" value="Java Platform API Specification"/>
    <property name="java.class.version" value="52.0"/>
    <property name="sun.management.compiler" value="HotSpot 64-Bit Tiered Compilers"/>
    <property name="os.version" value="10.0"/>
    <property name="user.home" value="C:\Users\benny"/>
    <property name="user.timezone" value="Asia/Jerusalem"/>
    <property name="java.awt.printerjob" value="sun.awt.windows.WPrinterJob"/>
    <property name="java.specification.version" value="1.8"/>
    <property name="file.encoding" value="Cp1252"/>
    <property name="user.name" value="benny"/>
    <property name="java.class.path" value="C:\Program Files\eclipse\plugins\org.eclipse.m2e.maven.runtime_1.8.3.20180227-2135\jars\plexus-classworlds-2.5.2.jar"/>
    <property name="java.vm.specification.version" value="1.8"/>
    <property name="sun.arch.data.model" value="64"/>
    <property name="java.home" value="C:\Program Files\Java\jdkupdate"/>
    <property name="sun.java.command" value="org.codehaus.plexus.classworlds.launcher.Launcher -B test"/>
    <property name="java.specification.vendor" value="Oracle Corporation"/>
    <property name="user.language" value="en"/>
    <property name="awt.toolkit" value="sun.awt.windows.WToolkit"/>
    <property name="java.vm.info" value="mixed mode"/>
    <property name="java.version" value="1.8.0_171"/>
    <property name="java.ext.dirs" value="C:\Program Files\Java\jdkupdate\lib\ext;C:\WINDOWS\Sun\Java\lib\ext"/>
    <property name="sun.boot.class.path" value="C:\Program Files\Java\jdkupdate\lib\resources.jar;C:\Program Files\Java\jdkupdate\lib\rt.jar;C:\Program Files\Java\jdkupdate\lib\sunrsasign.jar;C:\Program Files\Java\jdkupdate\lib\jsse.jar;C:\Program Files\Java\jdkupdate\lib\jce.jar;C:\Program Files\Java\jdkupdate\lib\charsets.jar;C:\Program Files\Java\jdkupdate\lib\jfr.jar;C:\Program Files\Java\jdkupdate\classes"/>
    <property name="java.vendor" value="Oracle Corporation"/>
    <property name="maven.home" value="C:\Users\benny\eclipse-workspace\topq\EMBEDDED"/>
    <property name="file.separator" value="\"/>
    <property name="java.vendor.url.bug" value="http://bugreport.sun.com/bugreport/"/>
    <property name="sun.cpu.endian" value="little"/>
    <property name="sun.io.unicode.encoding" value="UnicodeLittle"/>
    <property name="sun.desktop" value="windows"/>
    <property name="sun.cpu.isalist" value="amd64"/>
  </properties>
  <testcase name="addUserTest" classname="TestApi.UserTest" time="2.261"/>
</testsuite>