<?xml version="1.0" encoding="UTF-8"?>
<!-- Generated by org.testng.reporters.JUnitReportReporter -->
<testsuite skipped="0" hostname="Benny-computer" name="TestApi.PetTest" tests="3" failures="0" timestamp="04 Feb 2019 16:13:05 GMT" time="4.335" errors="0">
  <testcase name="addPet" time="4.323" classname="TestApi.PetTest"/>
  <testcase name="createOrder" time="0.006" classname="TestApi.PetTest"/>
  <testcase name="userCreation" time="0.006" classname="TestApi.PetTest"/>
</testsuite> <!-- TestApi.PetTest -->
