<?xml version="1.0" encoding="UTF-8"?>
<!-- Generated by org.testng.reporters.JUnitReportReporter -->
<testsuite skipped="0" hostname="Benny-computer" name="TestApi.BaseTest" tests="1" failures="0" timestamp="04 Feb 2019 15:11:15 GMT" time="0.012" errors="0">
  <testcase name="test1" time="0.012" classname="TestApi.BaseTest"/>
</testsuite> <!-- TestApi.BaseTest -->
