<?xml version="1.0" encoding="UTF-8"?>
<!-- Generated by org.testng.reporters.JUnitReportReporter -->
<testsuite skipped="0" hostname="Benny-computer" name="TestApi.OrderTest" tests="1" failures="0" timestamp="05 Feb 2019 06:15:40 GMT" time="0.908" errors="0">
  <testcase name="addPetOrderTest" time="0.908" classname="TestApi.OrderTest"/>
</testsuite> <!-- TestApi.OrderTest -->
