<?xml version="1.0" encoding="UTF-8"?>
<!-- Generated by org.testng.reporters.JUnitReportReporter -->
<testsuite skipped="0" hostname="Benny-computer" name="TestApi.PetTest" tests="2" failures="0" timestamp="04 Feb 2019 18:25:11 GMT" time="1.771" errors="0">
  <testcase name="addPet" time="1.612" classname="TestApi.PetTest"/>
  <testcase name="addPetOrder" time="0.159" classname="TestApi.PetTest"/>
</testsuite> <!-- TestApi.PetTest -->
