<?xml version="1.0" encoding="UTF-8"?>
<!-- Generated by org.testng.reporters.JUnitReportReporter -->
<testsuite skipped="0" hostname="Benny-computer" name="TestApi.PetTest" tests="1" failures="0" timestamp="05 Feb 2019 05:37:53 GMT" time="2.495" errors="0">
  <testcase name="addPetTest" time="2.495" classname="TestApi.PetTest"/>
</testsuite> <!-- TestApi.PetTest -->
