<?xml version="1.0" encoding="UTF-8"?>
<!-- Generated by org.testng.reporters.JUnitReportReporter -->
<testsuite skipped="0" hostname="Benny-computer" name="TestApi.UserTest" tests="1" failures="0" timestamp="05 Feb 2019 05:53:39 GMT" time="2.260" errors="0">
  <testcase name="addUserTest" time="2.260" classname="TestApi.UserTest"/>
</testsuite> <!-- TestApi.UserTest -->
