<?xml version="1.0" encoding="UTF-8"?>
<!-- Generated by org.testng.reporters.JUnitReportReporter -->
<testsuite skipped="0" hostname="Benny-computer" name="TestApi.UserTest" tests="1" failures="0" timestamp="05 Feb 2019 06:15:40 GMT" time="0.780" errors="0">
  <testcase name="addUserTest" time="0.780" classname="TestApi.UserTest"/>
</testsuite> <!-- TestApi.UserTest -->
